<?xml version="1.0" encoding="UTF-8"?>
<owndeb-config>

	<variables>
		<variable name="prefix" value="abc-" />
	</variables>

	<packages maintainer="you@your.tld" arch="amd64"
		installation-path="/opt">

		<example-package name="${prefix}p1" version="1.2.3"
			description="My Package 1" />
			
		<example-package name="${prefix}p2" version="1.2.3"
			description="My Package 2" />

	</packages>

</owndeb-config>
